app/build/intermediates/manifest_merge_blame_file/release/manifest-merger-blame-release-report.txt
1<?xml version="1.0" encoding="utf-8"?>
2<manifest xmlns:android="http://schemas.android.com/apk/res/android"
3    package="com.warehouse.manager"
4    android:versionCode="1"
5    android:versionName="1.0" >
6
7    <uses-sdk
8        android:minSdkVersion="26"
9        android:targetSdkVersion="34" />
10
11    <!-- 位置权限 -->
12    <uses-permission android:name="android.permission.ACCESS_FINE_LOCATION" />
12-->src/main/AndroidManifest.xml:6:5-79
12-->src/main/AndroidManifest.xml:6:22-76
13    <uses-permission android:name="android.permission.ACCESS_COARSE_LOCATION" />
13-->src/main/AndroidManifest.xml:7:5-81
13-->src/main/AndroidManifest.xml:7:22-78
14    <uses-permission android:name="android.permission.ACCESS_BACKGROUND_LOCATION" />
14-->src/main/AndroidManifest.xml:8:5-85
14-->src/main/AndroidManifest.xml:8:22-82
15
16    <!-- 相机权限（可选：用于扫码） -->
17    <uses-permission android:name="android.permission.CAMERA" />
17-->src/main/AndroidManifest.xml:11:5-65
17-->src/main/AndroidManifest.xml:11:22-62
18
19    <!-- 存储权限 -->
20    <uses-permission
20-->src/main/AndroidManifest.xml:14:5-15:38
21        android:name="android.permission.WRITE_EXTERNAL_STORAGE"
21-->src/main/AndroidManifest.xml:14:22-78
22        android:maxSdkVersion="28" />
22-->src/main/AndroidManifest.xml:15:9-35
23    <uses-permission
23-->src/main/AndroidManifest.xml:16:5-17:38
24        android:name="android.permission.READ_EXTERNAL_STORAGE"
24-->src/main/AndroidManifest.xml:16:22-77
25        android:maxSdkVersion="32" />
25-->src/main/AndroidManifest.xml:17:9-35
26
27    <permission
27-->[androidx.core:core:1.12.0] AndroidManifest.xml:22:5-24:47
28        android:name="com.warehouse.manager.DYNAMIC_RECEIVER_NOT_EXPORTED_PERMISSION"
28-->[androidx.core:core:1.12.0] AndroidManifest.xml:23:9-81
29        android:protectionLevel="signature" />
29-->[androidx.core:core:1.12.0] AndroidManifest.xml:24:9-44
30
31    <uses-permission android:name="com.warehouse.manager.DYNAMIC_RECEIVER_NOT_EXPORTED_PERMISSION" /> <!-- Although the *SdkVersion is captured in gradle build files, this is required for non gradle builds -->
31-->[androidx.core:core:1.12.0] AndroidManifest.xml:26:5-97
31-->[androidx.core:core:1.12.0] AndroidManifest.xml:26:22-94
32    <!-- <uses-sdk android:minSdkVersion="14"/> -->
33    <uses-permission android:name="android.permission.ACCESS_NETWORK_STATE" />
33-->[com.google.android.datatransport:transport-backend-cct:2.3.3] AndroidManifest.xml:25:5-79
33-->[com.google.android.datatransport:transport-backend-cct:2.3.3] AndroidManifest.xml:25:22-76
34    <uses-permission android:name="android.permission.INTERNET" />
34-->[com.google.android.datatransport:transport-backend-cct:2.3.3] AndroidManifest.xml:26:5-67
34-->[com.google.android.datatransport:transport-backend-cct:2.3.3] AndroidManifest.xml:26:22-64
35
36    <application
36-->src/main/AndroidManifest.xml:19:5-63:19
37        android:allowBackup="true"
37-->src/main/AndroidManifest.xml:20:9-35
38        android:appComponentFactory="androidx.core.app.CoreComponentFactory"
38-->[androidx.core:core:1.12.0] AndroidManifest.xml:28:18-86
39        android:extractNativeLibs="false"
40        android:icon="@mipmap/ic_launcher"
40-->src/main/AndroidManifest.xml:21:9-43
41        android:label="@string/app_name"
41-->src/main/AndroidManifest.xml:22:9-41
42        android:roundIcon="@mipmap/ic_launcher_round"
42-->src/main/AndroidManifest.xml:23:9-54
43        android:supportsRtl="true"
43-->src/main/AndroidManifest.xml:24:9-35
44        android:theme="@style/Theme.WarehouseManager" >
44-->src/main/AndroidManifest.xml:25:9-54
45        <activity
45-->src/main/AndroidManifest.xml:28:9-36:20
46            android:name="com.warehouse.manager.view.MainActivity"
46-->src/main/AndroidManifest.xml:29:13-46
47            android:exported="true"
47-->src/main/AndroidManifest.xml:30:13-36
48            android:theme="@style/Theme.WarehouseManager" >
48-->src/main/AndroidManifest.xml:31:13-58
49            <intent-filter>
49-->src/main/AndroidManifest.xml:32:13-35:29
50                <action android:name="android.intent.action.MAIN" />
50-->src/main/AndroidManifest.xml:33:17-69
50-->src/main/AndroidManifest.xml:33:25-66
51
52                <category android:name="android.intent.category.LAUNCHER" />
52-->src/main/AndroidManifest.xml:34:17-77
52-->src/main/AndroidManifest.xml:34:27-74
53            </intent-filter>
54        </activity>
55        <activity
55-->src/main/AndroidManifest.xml:38:9-41:61
56            android:name="com.warehouse.manager.view.AddEditProductActivity"
56-->src/main/AndroidManifest.xml:39:13-56
57            android:exported="false"
57-->src/main/AndroidManifest.xml:40:13-37
58            android:theme="@style/Theme.WarehouseManager" />
58-->src/main/AndroidManifest.xml:41:13-58
59        <activity
59-->src/main/AndroidManifest.xml:43:9-46:61
60            android:name="com.warehouse.manager.view.NavigationActivity"
60-->src/main/AndroidManifest.xml:44:13-52
61            android:exported="false"
61-->src/main/AndroidManifest.xml:45:13-37
62            android:theme="@style/Theme.WarehouseManager" />
62-->src/main/AndroidManifest.xml:46:13-58
63        <activity
63-->src/main/AndroidManifest.xml:48:9-51:61
64            android:name="com.warehouse.manager.view.HistoryActivity"
64-->src/main/AndroidManifest.xml:49:13-49
65            android:exported="false"
65-->src/main/AndroidManifest.xml:50:13-37
66            android:theme="@style/Theme.WarehouseManager" />
66-->src/main/AndroidManifest.xml:51:13-58
67        <activity
67-->src/main/AndroidManifest.xml:53:9-56:61
68            android:name="com.warehouse.manager.view.BatchInActivity"
68-->src/main/AndroidManifest.xml:54:13-49
69            android:exported="false"
69-->src/main/AndroidManifest.xml:55:13-37
70            android:theme="@style/Theme.WarehouseManager" />
70-->src/main/AndroidManifest.xml:56:13-58
71        <activity
71-->src/main/AndroidManifest.xml:58:9-61:61
72            android:name="com.warehouse.manager.view.SettingsActivity"
72-->src/main/AndroidManifest.xml:59:13-50
73            android:exported="false"
73-->src/main/AndroidManifest.xml:60:13-37
74            android:theme="@style/Theme.WarehouseManager" />
74-->src/main/AndroidManifest.xml:61:13-58
75
76        <!--
77        Service for holding metadata. Cannot be instantiated.
78        Metadata will be merged from other manifests.
79        -->
80        <service
80-->[androidx.camera:camera-core:1.3.1] AndroidManifest.xml:29:9-33:78
81            android:name="androidx.camera.core.impl.MetadataHolderService"
81-->[androidx.camera:camera-core:1.3.1] AndroidManifest.xml:30:13-75
82            android:enabled="false"
82-->[androidx.camera:camera-core:1.3.1] AndroidManifest.xml:31:13-36
83            android:exported="false" />
83-->[androidx.camera:camera-core:1.3.1] AndroidManifest.xml:32:13-37
84        <service
84-->[com.google.android.gms:play-services-mlkit-barcode-scanning:18.3.1] AndroidManifest.xml:9:9-15:19
85            android:name="com.google.mlkit.common.internal.MlKitComponentDiscoveryService"
85-->[com.google.android.gms:play-services-mlkit-barcode-scanning:18.3.1] AndroidManifest.xml:10:13-91
86            android:directBootAware="true"
86-->[com.google.mlkit:common:18.11.0] AndroidManifest.xml:17:13-43
87            android:exported="false" >
87-->[com.google.android.gms:play-services-mlkit-barcode-scanning:18.3.1] AndroidManifest.xml:11:13-37
88            <meta-data
88-->[com.google.android.gms:play-services-mlkit-barcode-scanning:18.3.1] AndroidManifest.xml:12:13-14:85
89                android:name="com.google.firebase.components:com.google.mlkit.vision.barcode.internal.BarcodeRegistrar"
89-->[com.google.android.gms:play-services-mlkit-barcode-scanning:18.3.1] AndroidManifest.xml:13:17-120
90                android:value="com.google.firebase.components.ComponentRegistrar" />
90-->[com.google.android.gms:play-services-mlkit-barcode-scanning:18.3.1] AndroidManifest.xml:14:17-82
91            <meta-data
91-->[com.google.mlkit:vision-common:17.3.0] AndroidManifest.xml:12:13-14:85
92                android:name="com.google.firebase.components:com.google.mlkit.vision.common.internal.VisionCommonRegistrar"
92-->[com.google.mlkit:vision-common:17.3.0] AndroidManifest.xml:13:17-124
93                android:value="com.google.firebase.components.ComponentRegistrar" />
93-->[com.google.mlkit:vision-common:17.3.0] AndroidManifest.xml:14:17-82
94            <meta-data
94-->[com.google.mlkit:common:18.11.0] AndroidManifest.xml:20:13-22:85
95                android:name="com.google.firebase.components:com.google.mlkit.common.internal.CommonComponentRegistrar"
95-->[com.google.mlkit:common:18.11.0] AndroidManifest.xml:21:17-120
96                android:value="com.google.firebase.components.ComponentRegistrar" />
96-->[com.google.mlkit:common:18.11.0] AndroidManifest.xml:22:17-82
97        </service>
98
99        <provider
99-->[com.google.mlkit:common:18.11.0] AndroidManifest.xml:9:9-13:38
100            android:name="com.google.mlkit.common.internal.MlKitInitProvider"
100-->[com.google.mlkit:common:18.11.0] AndroidManifest.xml:10:13-78
101            android:authorities="com.warehouse.manager.mlkitinitprovider"
101-->[com.google.mlkit:common:18.11.0] AndroidManifest.xml:11:13-69
102            android:exported="false"
102-->[com.google.mlkit:common:18.11.0] AndroidManifest.xml:12:13-37
103            android:initOrder="99" />
103-->[com.google.mlkit:common:18.11.0] AndroidManifest.xml:13:13-35
104
105        <activity
105-->[com.google.android.gms:play-services-base:18.5.0] AndroidManifest.xml:5:9-173
106            android:name="com.google.android.gms.common.api.GoogleApiActivity"
106-->[com.google.android.gms:play-services-base:18.5.0] AndroidManifest.xml:5:19-85
107            android:exported="false"
107-->[com.google.android.gms:play-services-base:18.5.0] AndroidManifest.xml:5:146-170
108            android:theme="@android:style/Theme.Translucent.NoTitleBar" />
108-->[com.google.android.gms:play-services-base:18.5.0] AndroidManifest.xml:5:86-145
109
110        <meta-data
110-->[com.google.android.gms:play-services-basement:18.4.0] AndroidManifest.xml:6:9-122
111            android:name="com.google.android.gms.version"
111-->[com.google.android.gms:play-services-basement:18.4.0] AndroidManifest.xml:6:20-65
112            android:value="@integer/google_play_services_version" />
112-->[com.google.android.gms:play-services-basement:18.4.0] AndroidManifest.xml:6:66-119
113
114        <provider
114-->[androidx.emoji2:emoji2:1.2.0] AndroidManifest.xml:24:9-32:20
115            android:name="androidx.startup.InitializationProvider"
115-->[androidx.emoji2:emoji2:1.2.0] AndroidManifest.xml:25:13-67
116            android:authorities="com.warehouse.manager.androidx-startup"
116-->[androidx.emoji2:emoji2:1.2.0] AndroidManifest.xml:26:13-68
117            android:exported="false" >
117-->[androidx.emoji2:emoji2:1.2.0] AndroidManifest.xml:27:13-37
118            <meta-data
118-->[androidx.emoji2:emoji2:1.2.0] AndroidManifest.xml:29:13-31:52
119                android:name="androidx.emoji2.text.EmojiCompatInitializer"
119-->[androidx.emoji2:emoji2:1.2.0] AndroidManifest.xml:30:17-75
120                android:value="androidx.startup" />
120-->[androidx.emoji2:emoji2:1.2.0] AndroidManifest.xml:31:17-49
121            <meta-data
121-->[androidx.lifecycle:lifecycle-process:2.7.0] AndroidManifest.xml:29:13-31:52
122                android:name="androidx.lifecycle.ProcessLifecycleInitializer"
122-->[androidx.lifecycle:lifecycle-process:2.7.0] AndroidManifest.xml:30:17-78
123                android:value="androidx.startup" />
123-->[androidx.lifecycle:lifecycle-process:2.7.0] AndroidManifest.xml:31:17-49
124            <meta-data
124-->[androidx.profileinstaller:profileinstaller:1.3.0] AndroidManifest.xml:29:13-31:52
125                android:name="androidx.profileinstaller.ProfileInstallerInitializer"
125-->[androidx.profileinstaller:profileinstaller:1.3.0] AndroidManifest.xml:30:17-85
126                android:value="androidx.startup" />
126-->[androidx.profileinstaller:profileinstaller:1.3.0] AndroidManifest.xml:31:17-49
127        </provider>
128
129        <service
129-->[androidx.room:room-runtime:2.6.1] AndroidManifest.xml:24:9-28:63
130            android:name="androidx.room.MultiInstanceInvalidationService"
130-->[androidx.room:room-runtime:2.6.1] AndroidManifest.xml:25:13-74
131            android:directBootAware="true"
131-->[androidx.room:room-runtime:2.6.1] AndroidManifest.xml:26:13-43
132            android:exported="false" />
132-->[androidx.room:room-runtime:2.6.1] AndroidManifest.xml:27:13-37
133
134        <receiver
134-->[androidx.profileinstaller:profileinstaller:1.3.0] AndroidManifest.xml:34:9-52:20
135            android:name="androidx.profileinstaller.ProfileInstallReceiver"
135-->[androidx.profileinstaller:profileinstaller:1.3.0] AndroidManifest.xml:35:13-76
136            android:directBootAware="false"
136-->[androidx.profileinstaller:profileinstaller:1.3.0] AndroidManifest.xml:36:13-44
137            android:enabled="true"
137-->[androidx.profileinstaller:profileinstaller:1.3.0] AndroidManifest.xml:37:13-35
138            android:exported="true"
138-->[androidx.profileinstaller:profileinstaller:1.3.0] AndroidManifest.xml:38:13-36
139            android:permission="android.permission.DUMP" >
139-->[androidx.profileinstaller:profileinstaller:1.3.0] AndroidManifest.xml:39:13-57
140            <intent-filter>
140-->[androidx.profileinstaller:profileinstaller:1.3.0] AndroidManifest.xml:40:13-42:29
141                <action android:name="androidx.profileinstaller.action.INSTALL_PROFILE" />
141-->[androidx.profileinstaller:profileinstaller:1.3.0] AndroidManifest.xml:41:17-91
141-->[androidx.profileinstaller:profileinstaller:1.3.0] AndroidManifest.xml:41:25-88
142            </intent-filter>
143            <intent-filter>
143-->[androidx.profileinstaller:profileinstaller:1.3.0] AndroidManifest.xml:43:13-45:29
144                <action android:name="androidx.profileinstaller.action.SKIP_FILE" />
144-->[androidx.profileinstaller:profileinstaller:1.3.0] AndroidManifest.xml:44:17-85
144-->[androidx.profileinstaller:profileinstaller:1.3.0] AndroidManifest.xml:44:25-82
145            </intent-filter>
146            <intent-filter>
146-->[androidx.profileinstaller:profileinstaller:1.3.0] AndroidManifest.xml:46:13-48:29
147                <action android:name="androidx.profileinstaller.action.SAVE_PROFILE" />
147-->[androidx.profileinstaller:profileinstaller:1.3.0] AndroidManifest.xml:47:17-88
147-->[androidx.profileinstaller:profileinstaller:1.3.0] AndroidManifest.xml:47:25-85
148            </intent-filter>
149            <intent-filter>
149-->[androidx.profileinstaller:profileinstaller:1.3.0] AndroidManifest.xml:49:13-51:29
150                <action android:name="androidx.profileinstaller.action.BENCHMARK_OPERATION" />
150-->[androidx.profileinstaller:profileinstaller:1.3.0] AndroidManifest.xml:50:17-95
150-->[androidx.profileinstaller:profileinstaller:1.3.0] AndroidManifest.xml:50:25-92
151            </intent-filter>
152        </receiver>
153
154        <service
154-->[com.google.android.datatransport:transport-backend-cct:2.3.3] AndroidManifest.xml:29:9-35:19
155            android:name="com.google.android.datatransport.runtime.backends.TransportBackendDiscovery"
155-->[com.google.android.datatransport:transport-backend-cct:2.3.3] AndroidManifest.xml:30:13-103
156            android:exported="false" >
156-->[com.google.android.datatransport:transport-backend-cct:2.3.3] AndroidManifest.xml:31:13-37
157            <meta-data
157-->[com.google.android.datatransport:transport-backend-cct:2.3.3] AndroidManifest.xml:32:13-34:39
158                android:name="backend:com.google.android.datatransport.cct.CctBackendFactory"
158-->[com.google.android.datatransport:transport-backend-cct:2.3.3] AndroidManifest.xml:33:17-94
159                android:value="cct" />
159-->[com.google.android.datatransport:transport-backend-cct:2.3.3] AndroidManifest.xml:34:17-36
160        </service>
161        <service
161-->[com.google.android.datatransport:transport-runtime:2.2.6] AndroidManifest.xml:26:9-30:19
162            android:name="com.google.android.datatransport.runtime.scheduling.jobscheduling.JobInfoSchedulerService"
162-->[com.google.android.datatransport:transport-runtime:2.2.6] AndroidManifest.xml:27:13-117
163            android:exported="false"
163-->[com.google.android.datatransport:transport-runtime:2.2.6] AndroidManifest.xml:28:13-37
164            android:permission="android.permission.BIND_JOB_SERVICE" >
164-->[com.google.android.datatransport:transport-runtime:2.2.6] AndroidManifest.xml:29:13-69
165        </service>
166
167        <receiver
167-->[com.google.android.datatransport:transport-runtime:2.2.6] AndroidManifest.xml:32:9-34:40
168            android:name="com.google.android.datatransport.runtime.scheduling.jobscheduling.AlarmManagerSchedulerBroadcastReceiver"
168-->[com.google.android.datatransport:transport-runtime:2.2.6] AndroidManifest.xml:33:13-132
169            android:exported="false" />
169-->[com.google.android.datatransport:transport-runtime:2.2.6] AndroidManifest.xml:34:13-37
170    </application>
171
172</manifest>